WARNING 2026-03-24 15:39:05,876 basehttp "GET /static/img/psicologia.png HTTP/1.1" 404 179
WARNING 2026-03-24 15:39:05,876 basehttp "GET /static/img/unieuro.png HTTP/1.1" 404 179
WARNING 2026-03-24 15:39:06,740 basehttp "GET /static/img/assim-saude.png HTTP/1.1" 404 179
WARNING 2026-03-24 15:39:06,740 basehttp "GET /static/img/amil.png HTTP/1.1" 404 179
WARNING 2026-03-24 15:39:06,742 basehttp "GET /static/img/bradesco-saude.png HTTP/1.1" 404 179
WARNING 2026-03-24 15:39:06,748 basehttp "GET /static/img/LEVE.png HTTP/1.1" 404 179
WARNING 2026-03-24 15:39:06,749 basehttp "GET /static/img/Cemeru.png HTTP/1.1" 404 179
WARNING 2026-03-24 15:39:06,749 basehttp "GET /static/img/golden-cross.png HTTP/1.1" 404 179
WARNING 2026-03-24 15:39:06,751 basehttp "GET /static/img/Integral-Saude.png HTTP/1.1" 404 179
WARNING 2026-03-24 15:39:06,752 basehttp "GET /static/img/notredame-intermedica.png HTTP/1.1" 404 179
WARNING 2026-03-24 15:39:06,754 basehttp "GET /static/img/porto-saude.png HTTP/1.1" 404 179
WARNING 2026-03-24 15:39:06,756 basehttp "GET /static/img/sulAmerica.png HTTP/1.1" 404 179
WARNING 2026-03-24 15:39:06,758 basehttp "GET /static/img/Prevent-Senior.png HTTP/1.1" 404 179
WARNING 2026-03-24 15:39:06,760 basehttp "GET /static/img/unimed.png HTTP/1.1" 404 179
WARNING 2026-03-24 15:39:07,227 basehttp "GET /static/img/logo.png HTTP/1.1" 404 179
WARNING 2026-03-24 15:39:47,330 basehttp "GET /static/css/comunidade.css HTTP/1.1" 404 179
WARNING 2026-03-24 15:39:47,333 basehttp "GET /static/logo.png HTTP/1.1" 404 179
WARNING 2026-03-24 15:39:47,333 basehttp "GET /static/js/comunidade.js HTTP/1.1" 404 179
WARNING 2026-03-24 15:39:51,638 basehttp "GET /static/css/comunidade.css HTTP/1.1" 404 179
WARNING 2026-03-24 15:39:51,794 basehttp "GET /favicon.ico HTTP/1.1" 404 179
WARNING 2026-03-24 15:41:23,602 basehttp "GET /static/img/unieuro.png HTTP/1.1" 404 179
WARNING 2026-03-24 15:41:23,602 basehttp "GET /static/img/bradesco-saude.png HTTP/1.1" 404 179
WARNING 2026-03-24 15:41:23,602 basehttp "GET /static/img/psicologia.png HTTP/1.1" 404 179
WARNING 2026-03-24 15:41:23,602 basehttp "GET /static/img/amil.png HTTP/1.1" 404 179
WARNING 2026-03-24 15:41:23,602 basehttp "GET /static/img/Cemeru.png HTTP/1.1" 404 179
WARNING 2026-03-24 15:41:23,611 basehttp "GET /static/img/assim-saude.png HTTP/1.1" 404 179
WARNING 2026-03-24 15:41:23,611 basehttp "GET /static/img/golden-cross.png HTTP/1.1" 404 179
WARNING 2026-03-24 15:41:23,614 basehttp "GET /static/img/Integral-Saude.png HTTP/1.1" 404 179
WARNING 2026-03-24 15:41:23,615 basehttp "GET /static/img/notredame-intermedica.png HTTP/1.1" 404 179
WARNING 2026-03-24 15:41:23,619 basehttp "GET /static/img/LEVE.png HTTP/1.1" 404 179
WARNING 2026-03-24 15:41:23,619 basehttp "GET /static/img/sulAmerica.png HTTP/1.1" 404 179
WARNING 2026-03-24 15:41:23,622 basehttp "GET /static/img/Prevent-Senior.png HTTP/1.1" 404 179
WARNING 2026-03-24 15:41:23,622 basehttp "GET /static/img/porto-saude.png HTTP/1.1" 404 179
WARNING 2026-03-24 15:41:23,627 basehttp "GET /static/img/unimed.png HTTP/1.1" 404 179
WARNING 2026-03-24 15:41:33,575 basehttp "GET /static/css/comunidade.css HTTP/1.1" 404 179
WARNING 2026-03-24 15:41:33,580 basehttp "GET /static/logo.png HTTP/1.1" 404 179
WARNING 2026-03-24 15:41:33,580 basehttp "GET /static/js/comunidade.js HTTP/1.1" 404 179
WARNING 2026-03-24 15:45:50,580 basehttp "GET /static/img/unieuro.png HTTP/1.1" 404 179
WARNING 2026-03-24 15:45:50,582 basehttp "GET /static/img/assim-saude.png HTTP/1.1" 404 179
WARNING 2026-03-24 15:45:50,585 basehttp "GET /static/img/psicologia.png HTTP/1.1" 404 179
WARNING 2026-03-24 15:45:50,587 basehttp "GET /static/img/amil.png HTTP/1.1" 404 179
WARNING 2026-03-24 15:45:50,587 basehttp "GET /static/img/bradesco-saude.png HTTP/1.1" 404 179
WARNING 2026-03-24 15:45:50,588 basehttp "GET /static/img/Cemeru.png HTTP/1.1" 404 179
WARNING 2026-03-24 15:45:50,588 basehttp "GET /static/img/golden-cross.png HTTP/1.1" 404 179
WARNING 2026-03-24 15:45:50,591 basehttp "GET /static/img/Integral-Saude.png HTTP/1.1" 404 179
WARNING 2026-03-24 15:45:50,592 basehttp "GET /static/img/porto-saude.png HTTP/1.1" 404 179
WARNING 2026-03-24 15:45:50,594 basehttp "GET /static/img/LEVE.png HTTP/1.1" 404 179
WARNING 2026-03-24 15:45:50,596 basehttp "GET /static/img/notredame-intermedica.png HTTP/1.1" 404 179
WARNING 2026-03-24 15:45:50,598 basehttp "GET /static/img/sulAmerica.png HTTP/1.1" 404 179
WARNING 2026-03-24 15:45:50,599 basehttp "GET /static/img/Prevent-Senior.png HTTP/1.1" 404 179
WARNING 2026-03-24 15:45:50,602 basehttp "GET /static/img/unimed.png HTTP/1.1" 404 179
WARNING 2026-03-24 15:46:31,084 basehttp "GET /static/css/comunidade.css HTTP/1.1" 404 179
WARNING 2026-03-24 15:46:31,084 basehttp "GET /static/js/comunidade.js HTTP/1.1" 404 179
WARNING 2026-03-24 15:46:31,084 basehttp "GET /static/logo.png HTTP/1.1" 404 179
WARNING 2026-03-24 15:48:34,887 basehttp "GET /static/img/unieuro.png HTTP/1.1" 404 179
WARNING 2026-03-24 15:48:34,887 basehttp "GET /static/img/psicologia.png HTTP/1.1" 404 179
WARNING 2026-03-24 15:48:34,889 basehttp "GET /static/img/Cemeru.png HTTP/1.1" 404 179
WARNING 2026-03-24 15:48:34,889 basehttp "GET /static/img/assim-saude.png HTTP/1.1" 404 179
WARNING 2026-03-24 15:48:34,891 basehttp "GET /static/img/amil.png HTTP/1.1" 404 179
WARNING 2026-03-24 15:48:34,893 basehttp "GET /static/img/bradesco-saude.png HTTP/1.1" 404 179
WARNING 2026-03-24 15:48:34,896 basehttp "GET /static/img/Integral-Saude.png HTTP/1.1" 404 179
WARNING 2026-03-24 15:48:34,904 basehttp "GET /static/img/golden-cross.png HTTP/1.1" 404 179
WARNING 2026-03-24 15:48:34,904 basehttp "GET /static/img/Prevent-Senior.png HTTP/1.1" 404 179
WARNING 2026-03-24 15:48:34,904 basehttp "GET /static/img/porto-saude.png HTTP/1.1" 404 179
WARNING 2026-03-24 15:48:34,907 basehttp "GET /static/img/LEVE.png HTTP/1.1" 404 179
WARNING 2026-03-24 15:48:34,915 basehttp "GET /static/img/notredame-intermedica.png HTTP/1.1" 404 179
WARNING 2026-03-24 15:48:34,915 basehttp "GET /static/img/sulAmerica.png HTTP/1.1" 404 179
WARNING 2026-03-24 15:48:34,917 basehttp "GET /static/img/unimed.png HTTP/1.1" 404 179
WARNING 2026-03-24 15:48:43,358 basehttp "GET /static/css/comunidade.css HTTP/1.1" 404 179
WARNING 2026-03-24 15:48:43,368 basehttp "GET /static/js/comunidade.js HTTP/1.1" 404 179
WARNING 2026-03-24 15:48:43,368 basehttp "GET /static/logo.png HTTP/1.1" 404 179
WARNING 2026-03-24 15:48:43,468 basehttp "GET /static/css/comunidade.css HTTP/1.1" 404 179
WARNING 2026-03-24 15:49:43,115 basehttp "GET /static/img/unieuro.png HTTP/1.1" 404 1859
WARNING 2026-03-24 15:49:43,115 basehttp "GET /static/img/psicologia.png HTTP/1.1" 404 1868
WARNING 2026-03-24 15:49:43,129 basehttp "GET /static/img/amil.png HTTP/1.1" 404 1850
WARNING 2026-03-24 15:49:43,131 basehttp "GET /static/img/assim-saude.png HTTP/1.1" 404 1871
WARNING 2026-03-24 15:49:43,137 basehttp "GET /static/img/bradesco-saude.png HTTP/1.1" 404 1880
WARNING 2026-03-24 15:49:43,138 basehttp "GET /static/img/Cemeru.png HTTP/1.1" 404 1856
WARNING 2026-03-24 15:49:43,153 basehttp "GET /static/img/golden-cross.png HTTP/1.1" 404 1874
WARNING 2026-03-24 15:49:43,184 basehttp "GET /static/img/notredame-intermedica.png HTTP/1.1" 404 1901
WARNING 2026-03-24 15:49:43,192 basehttp "GET /static/img/Integral-Saude.png HTTP/1.1" 404 1880
WARNING 2026-03-24 15:49:43,192 basehttp "GET /static/img/LEVE.png HTTP/1.1" 404 1850
WARNING 2026-03-24 15:49:43,202 basehttp "GET /static/img/porto-saude.png HTTP/1.1" 404 1871
WARNING 2026-03-24 15:49:43,218 basehttp "GET /static/img/Prevent-Senior.png HTTP/1.1" 404 1880
WARNING 2026-03-24 15:49:43,234 basehttp "GET /static/img/sulAmerica.png HTTP/1.1" 404 1868
WARNING 2026-03-24 15:49:43,242 basehttp "GET /static/img/unimed.png HTTP/1.1" 404 1856
WARNING 2026-03-24 15:49:49,123 basehttp "GET /static/logo.png HTTP/1.1" 404 1838
WARNING 2026-03-25 08:31:52,457 basehttp "GET /static/img/unieuro.png HTTP/1.1" 404 1859
WARNING 2026-03-25 08:31:52,457 basehttp "GET /static/img/psicologia.png HTTP/1.1" 404 1868
WARNING 2026-03-25 08:31:52,561 basehttp "GET /static/img/amil.png HTTP/1.1" 404 1850
WARNING 2026-03-25 08:31:52,581 basehttp "GET /static/img/assim-saude.png HTTP/1.1" 404 1871
WARNING 2026-03-25 08:31:52,620 basehttp "GET /static/img/Cemeru.png HTTP/1.1" 404 1856
WARNING 2026-03-25 08:31:52,622 basehttp "GET /static/img/bradesco-saude.png HTTP/1.1" 404 1880
WARNING 2026-03-25 08:31:52,632 basehttp "GET /static/img/golden-cross.png HTTP/1.1" 404 1874
WARNING 2026-03-25 08:31:52,638 basehttp "GET /static/img/Integral-Saude.png HTTP/1.1" 404 1880
WARNING 2026-03-25 08:31:52,660 basehttp "GET /static/img/LEVE.png HTTP/1.1" 404 1850
WARNING 2026-03-25 08:31:52,676 basehttp "GET /static/img/notredame-intermedica.png HTTP/1.1" 404 1901
WARNING 2026-03-25 08:31:52,689 basehttp "GET /static/img/porto-saude.png HTTP/1.1" 404 1871
WARNING 2026-03-25 08:31:52,691 basehttp "GET /static/img/unimed.png HTTP/1.1" 404 1856
WARNING 2026-03-25 08:31:52,725 basehttp "GET /static/img/unieuro.png HTTP/1.1" 404 1859
WARNING 2026-03-25 08:31:52,729 basehttp "GET /static/img/Prevent-Senior.png HTTP/1.1" 404 1880
WARNING 2026-03-25 08:31:52,731 basehttp "GET /static/img/sulAmerica.png HTTP/1.1" 404 1868
WARNING 2026-03-25 08:31:53,278 basehttp "GET /static/img/logo.png HTTP/1.1" 404 1850
WARNING 2026-03-25 08:32:26,942 basehttp "GET /static/logo.png HTTP/1.1" 404 1838
WARNING 2026-03-25 08:32:28,402 basehttp "GET /favicon.ico HTTP/1.1" 404 4389
WARNING 2026-03-25 09:51:27,070 basehttp "GET /static/img/Cemeru.png HTTP/1.1" 404 1856
WARNING 2026-03-25 09:51:27,070 basehttp "GET /static/img/psicologia.png HTTP/1.1" 404 1868
WARNING 2026-03-25 09:51:27,070 basehttp "GET /static/img/bradesco-saude.png HTTP/1.1" 404 1880
WARNING 2026-03-25 09:51:27,070 basehttp "GET /static/img/amil.png HTTP/1.1" 404 1850
WARNING 2026-03-25 09:51:27,070 basehttp "GET /static/img/unieuro.png HTTP/1.1" 404 1859
WARNING 2026-03-25 09:51:27,070 basehttp "GET /static/img/assim-saude.png HTTP/1.1" 404 1871
WARNING 2026-03-25 09:51:27,095 basehttp "GET /static/img/golden-cross.png HTTP/1.1" 404 1874
WARNING 2026-03-25 09:51:27,104 basehttp "GET /static/img/LEVE.png HTTP/1.1" 404 1850
WARNING 2026-03-25 09:51:27,110 basehttp "GET /static/img/notredame-intermedica.png HTTP/1.1" 404 1901
WARNING 2026-03-25 09:51:27,110 basehttp "GET /static/img/Integral-Saude.png HTTP/1.1" 404 1880
WARNING 2026-03-25 09:51:27,110 basehttp "GET /static/img/porto-saude.png HTTP/1.1" 404 1871
WARNING 2026-03-25 09:51:27,118 basehttp "GET /static/img/Prevent-Senior.png HTTP/1.1" 404 1880
WARNING 2026-03-25 09:51:27,125 basehttp "GET /static/img/unimed.png HTTP/1.1" 404 1856
WARNING 2026-03-25 09:51:27,129 basehttp "GET /static/img/sulAmerica.png HTTP/1.1" 404 1868
WARNING 2026-03-25 09:52:09,567 basehttp "GET /static/img/unieuro.png HTTP/1.1" 404 1859
WARNING 2026-03-25 09:52:09,910 basehttp "GET /static/img/unieuro.png HTTP/1.1" 404 1859
WARNING 2026-03-25 09:52:36,268 basehttp "GET /static/img/unieuro.png HTTP/1.1" 404 1859
WARNING 2026-03-25 09:52:36,461 basehttp "GET /static/img/unieuro.png HTTP/1.1" 404 1859
WARNING 2026-03-25 09:52:37,433 basehttp "GET /static/img/unieuro.png HTTP/1.1" 404 1859
WARNING 2026-03-25 09:52:37,616 basehttp "GET /static/img/unieuro.png HTTP/1.1" 404 1859
WARNING 2026-03-25 09:52:42,362 basehttp "GET /static/img/unieuro.png HTTP/1.1" 404 1859
WARNING 2026-03-25 09:52:42,565 basehttp "GET /static/img/unieuro.png HTTP/1.1" 404 1859
WARNING 2026-03-25 09:52:46,460 basehttp "GET /static/img/unieuro.png HTTP/1.1" 404 1859
WARNING 2026-03-25 09:52:46,893 basehttp "GET /static/img/unieuro.png HTTP/1.1" 404 1859
WARNING 2026-03-25 09:52:50,756 basehttp "GET /static/img/unieuro.png HTTP/1.1" 404 1859
WARNING 2026-03-25 09:52:57,716 basehttp "GET /static/img/unieuro.png HTTP/1.1" 404 1859
WARNING 2026-03-25 09:52:57,933 basehttp "GET /static/img/unieuro.png HTTP/1.1" 404 1859
WARNING 2026-03-25 09:52:59,162 basehttp "GET /static/img/unieuro.png HTTP/1.1" 404 1859
WARNING 2026-03-25 09:52:59,411 basehttp "GET /static/img/unieuro.png HTTP/1.1" 404 1859
WARNING 2026-03-25 09:53:04,548 basehttp "GET /static/img/unieuro.png HTTP/1.1" 404 1859
WARNING 2026-03-25 09:53:05,025 basehttp "GET /static/img/unieuro.png HTTP/1.1" 404 1859
WARNING 2026-03-25 09:53:36,884 basehttp "GET /static/img/unieuro.png HTTP/1.1" 404 1859
WARNING 2026-03-25 09:53:36,993 basehttp "GET /static/img/unieuro.png HTTP/1.1" 404 1859
WARNING 2026-03-25 09:55:47,809 basehttp "GET /static/img/unieuro.png HTTP/1.1" 404 1859
WARNING 2026-03-25 09:55:47,899 basehttp "GET /static/img/unieuro.png HTTP/1.1" 404 1859
WARNING 2026-03-25 09:56:46,549 basehttp "GET /static/img/unieuro.png HTTP/1.1" 404 1859
WARNING 2026-03-25 09:56:46,773 basehttp "GET /static/img/unieuro.png HTTP/1.1" 404 1859
WARNING 2026-03-25 09:56:51,944 basehttp "GET /static/img/unieuro.png HTTP/1.1" 404 1859
WARNING 2026-03-25 09:56:52,145 basehttp "GET /static/img/unieuro.png HTTP/1.1" 404 1859
WARNING 2026-03-25 09:57:00,891 basehttp "GET /static/img/unieuro.png HTTP/1.1" 404 1859
WARNING 2026-03-25 09:57:01,101 basehttp "GET /static/img/unieuro.png HTTP/1.1" 404 1859
WARNING 2026-03-25 09:57:02,756 basehttp "GET /static/img/unieuro.png HTTP/1.1" 404 1859
WARNING 2026-03-25 09:57:02,958 basehttp "GET /static/img/unieuro.png HTTP/1.1" 404 1859
WARNING 2026-03-25 09:57:04,052 basehttp "GET /static/img/unieuro.png HTTP/1.1" 404 1859
WARNING 2026-03-25 09:57:04,292 basehttp "GET /static/img/unieuro.png HTTP/1.1" 404 1859
WARNING 2026-03-25 09:57:05,166 basehttp "GET /static/img/unieuro.png HTTP/1.1" 404 1859
WARNING 2026-03-25 09:57:09,751 basehttp "GET /static/img/unieuro.png HTTP/1.1" 404 1859
WARNING 2026-03-25 09:57:09,951 basehttp "GET /static/img/unieuro.png HTTP/1.1" 404 1859
WARNING 2026-03-25 09:57:13,367 basehttp "GET /static/img/unieuro.png HTTP/1.1" 404 1859
WARNING 2026-03-25 09:57:13,583 basehttp "GET /static/img/unieuro.png HTTP/1.1" 404 1859
WARNING 2026-03-25 09:57:26,506 basehttp "GET /static/img/unieuro.png HTTP/1.1" 404 1859
WARNING 2026-03-25 09:57:26,730 basehttp "GET /static/img/unieuro.png HTTP/1.1" 404 1859
WARNING 2026-03-25 09:57:28,611 basehttp "GET /static/img/unieuro.png HTTP/1.1" 404 1859
WARNING 2026-03-25 09:57:28,802 basehttp "GET /static/img/unieuro.png HTTP/1.1" 404 1859
WARNING 2026-03-25 09:58:00,522 basehttp "GET /static/img/unieuro.png HTTP/1.1" 404 1859
WARNING 2026-03-25 09:58:00,612 basehttp "GET /static/img/unieuro.png HTTP/1.1" 404 1859
WARNING 2026-03-25 09:58:03,544 basehttp "GET /static/img/unieuro.png HTTP/1.1" 404 1859
WARNING 2026-03-25 09:58:03,760 basehttp "GET /static/img/unieuro.png HTTP/1.1" 404 1859
WARNING 2026-03-25 09:58:04,616 basehttp "GET /static/img/unieuro.png HTTP/1.1" 404 1859
WARNING 2026-03-25 09:58:12,784 basehttp "GET /static/img/unieuro.png HTTP/1.1" 404 1859
WARNING 2026-03-25 09:58:12,898 basehttp "GET /static/img/unieuro.png HTTP/1.1" 404 1859
WARNING 2026-03-25 09:58:14,749 basehttp "GET /static/img/unieuro.png HTTP/1.1" 404 1859
WARNING 2026-03-25 09:58:14,978 basehttp "GET /static/img/unieuro.png HTTP/1.1" 404 1859
WARNING 2026-03-25 09:58:19,722 basehttp "GET /static/img/unieuro.png HTTP/1.1" 404 1859
WARNING 2026-03-25 09:58:19,917 basehttp "GET /static/img/unieuro.png HTTP/1.1" 404 1859
WARNING 2026-03-25 09:58:32,811 basehttp "GET /static/img/unieuro.png HTTP/1.1" 404 1859
WARNING 2026-03-25 09:58:32,886 basehttp "GET /static/img/unieuro.png HTTP/1.1" 404 1859
WARNING 2026-03-25 09:58:36,347 basehttp "GET /static/img/unieuro.png HTTP/1.1" 404 1859
WARNING 2026-03-25 09:58:36,439 basehttp "GET /static/img/unieuro.png HTTP/1.1" 404 1859
WARNING 2026-03-25 09:58:38,795 basehttp "GET /static/img/unieuro.png HTTP/1.1" 404 1859
WARNING 2026-03-25 09:58:38,954 basehttp "GET /static/img/unieuro.png HTTP/1.1" 404 1859
WARNING 2026-03-25 09:58:52,151 basehttp "GET /static/img/unieuro.png HTTP/1.1" 404 1859
WARNING 2026-03-25 09:58:52,258 basehttp "GET /static/img/unieuro.png HTTP/1.1" 404 1859
WARNING 2026-03-25 09:59:06,273 basehttp "GET /static/img/unieuro.png HTTP/1.1" 404 1859
WARNING 2026-03-25 09:59:06,490 basehttp "GET /static/img/unieuro.png HTTP/1.1" 404 1859
WARNING 2026-03-25 09:59:09,536 basehttp "GET /static/img/unieuro.png HTTP/1.1" 404 1859
WARNING 2026-03-25 09:59:09,617 basehttp "GET /static/img/unieuro.png HTTP/1.1" 404 1859
WARNING 2026-03-25 09:59:11,871 basehttp "GET /static/img/unieuro.png HTTP/1.1" 404 1859
WARNING 2026-03-25 09:59:11,994 basehttp "GET /static/img/unieuro.png HTTP/1.1" 404 1859
WARNING 2026-03-25 09:59:17,797 basehttp "GET /static/img/unieuro.png HTTP/1.1" 404 1859
WARNING 2026-03-25 09:59:17,992 basehttp "GET /static/img/unieuro.png HTTP/1.1" 404 1859
WARNING 2026-03-25 09:59:19,611 basehttp "GET /static/img/unieuro.png HTTP/1.1" 404 1859
WARNING 2026-03-25 09:59:19,802 basehttp "GET /static/img/unieuro.png HTTP/1.1" 404 1859
WARNING 2026-03-25 10:31:28,069 basehttp "GET /static/img/unieuro.png HTTP/1.1" 404 1859
WARNING 2026-03-25 10:31:28,096 basehttp "GET /static/img/amil.png HTTP/1.1" 404 1850
WARNING 2026-03-25 10:31:28,098 basehttp "GET /static/img/psicologia.png HTTP/1.1" 404 1868
WARNING 2026-03-25 10:31:28,122 basehttp "GET /static/img/assim-saude.png HTTP/1.1" 404 1871
WARNING 2026-03-25 10:31:28,126 basehttp "GET /static/img/bradesco-saude.png HTTP/1.1" 404 1880
WARNING 2026-03-25 10:31:28,126 basehttp "GET /static/img/Cemeru.png HTTP/1.1" 404 1856
WARNING 2026-03-25 10:31:28,143 basehttp "GET /static/img/Integral-Saude.png HTTP/1.1" 404 1880
WARNING 2026-03-25 10:31:28,147 basehttp "GET /static/img/golden-cross.png HTTP/1.1" 404 1874
WARNING 2026-03-25 10:31:28,166 basehttp "GET /static/img/LEVE.png HTTP/1.1" 404 1850
WARNING 2026-03-25 10:31:28,184 basehttp "GET /static/img/porto-saude.png HTTP/1.1" 404 1871
WARNING 2026-03-25 10:31:28,184 basehttp "GET /static/img/notredame-intermedica.png HTTP/1.1" 404 1901
WARNING 2026-03-25 10:31:28,190 basehttp "GET /static/img/Prevent-Senior.png HTTP/1.1" 404 1880
WARNING 2026-03-25 10:31:28,205 basehttp "GET /static/img/sulAmerica.png HTTP/1.1" 404 1868
WARNING 2026-03-25 10:31:28,205 basehttp "GET /static/img/unimed.png HTTP/1.1" 404 1856
WARNING 2026-03-25 10:32:29,404 basehttp "GET /static/img/unieuro.png HTTP/1.1" 404 1859
WARNING 2026-03-25 10:32:29,564 basehttp "GET /static/img/unieuro.png HTTP/1.1" 404 1859
WARNING 2026-03-25 10:32:32,507 basehttp "GET /static/img/unieuro.png HTTP/1.1" 404 1859
WARNING 2026-03-25 10:32:32,774 basehttp "GET /static/img/unieuro.png HTTP/1.1" 404 1859
WARNING 2026-03-25 10:32:37,170 basehttp "GET /static/img/unieuro.png HTTP/1.1" 404 1859
WARNING 2026-03-25 10:32:37,392 basehttp "GET /static/img/unieuro.png HTTP/1.1" 404 1859
WARNING 2026-03-25 13:42:02,534 basehttp "GET /static/img/amil.png HTTP/1.1" 404 1850
WARNING 2026-03-25 13:42:02,541 basehttp "GET /static/img/psicologia.png HTTP/1.1" 404 1868
WARNING 2026-03-25 13:42:02,549 basehttp "GET /static/img/unieuro.png HTTP/1.1" 404 1859
WARNING 2026-03-25 13:42:02,563 basehttp "GET /static/img/bradesco-saude.png HTTP/1.1" 404 1880
WARNING 2026-03-25 13:42:02,566 basehttp "GET /static/img/Cemeru.png HTTP/1.1" 404 1856
WARNING 2026-03-25 13:42:02,566 basehttp "GET /static/img/assim-saude.png HTTP/1.1" 404 1871
WARNING 2026-03-25 13:42:02,582 basehttp "GET /static/img/golden-cross.png HTTP/1.1" 404 1874
WARNING 2026-03-25 13:42:02,590 basehttp "GET /static/img/Integral-Saude.png HTTP/1.1" 404 1880
WARNING 2026-03-25 13:42:02,607 basehttp "GET /static/img/LEVE.png HTTP/1.1" 404 1850
WARNING 2026-03-25 13:42:02,615 basehttp "GET /static/img/notredame-intermedica.png HTTP/1.1" 404 1901
WARNING 2026-03-25 13:42:02,623 basehttp "GET /static/img/porto-saude.png HTTP/1.1" 404 1871
WARNING 2026-03-25 13:42:02,633 basehttp "GET /static/img/Prevent-Senior.png HTTP/1.1" 404 1880
WARNING 2026-03-25 13:42:02,639 basehttp "GET /static/img/sulAmerica.png HTTP/1.1" 404 1868
WARNING 2026-03-25 13:42:02,649 basehttp "GET /static/img/unimed.png HTTP/1.1" 404 1856
WARNING 2026-03-25 13:42:16,520 basehttp "GET /static/img/unieuro.png HTTP/1.1" 404 1859
WARNING 2026-03-25 13:42:16,635 basehttp "GET /static/img/unieuro.png HTTP/1.1" 404 1859
WARNING 2026-03-25 13:42:19,941 basehttp "GET /static/img/unieuro.png HTTP/1.1" 404 1859
WARNING 2026-03-25 13:42:19,971 basehttp "GET /static/img/unieuro.png HTTP/1.1" 404 1859
WARNING 2026-03-25 13:42:26,372 basehttp "GET /static/img/unieuro.png HTTP/1.1" 404 1859
WARNING 2026-03-25 13:42:26,417 basehttp "GET /static/img/unieuro.png HTTP/1.1" 404 1859
WARNING 2026-03-25 13:44:02,158 basehttp "GET /static/img/unieuro.png HTTP/1.1" 404 1859
WARNING 2026-03-25 13:44:02,158 basehttp "GET /static/img/amil.png HTTP/1.1" 404 1850
WARNING 2026-03-25 13:44:02,162 basehttp "GET /static/img/psicologia.png HTTP/1.1" 404 1868
WARNING 2026-03-25 13:44:02,180 basehttp "GET /static/img/assim-saude.png HTTP/1.1" 404 1871
WARNING 2026-03-25 13:44:02,188 basehttp "GET /static/img/bradesco-saude.png HTTP/1.1" 404 1880
WARNING 2026-03-25 13:44:02,190 basehttp "GET /static/img/Cemeru.png HTTP/1.1" 404 1856
WARNING 2026-03-25 13:44:02,221 basehttp "GET /static/img/golden-cross.png HTTP/1.1" 404 1874
WARNING 2026-03-25 13:44:02,229 basehttp "GET /static/img/Integral-Saude.png HTTP/1.1" 404 1880
WARNING 2026-03-25 13:44:02,240 basehttp "GET /static/img/LEVE.png HTTP/1.1" 404 1850
WARNING 2026-03-25 13:44:02,246 basehttp "GET /static/img/notredame-intermedica.png HTTP/1.1" 404 1901
WARNING 2026-03-25 13:44:02,265 basehttp "GET /static/img/porto-saude.png HTTP/1.1" 404 1871
WARNING 2026-03-25 13:44:02,269 basehttp "GET /static/img/Prevent-Senior.png HTTP/1.1" 404 1880
WARNING 2026-03-25 13:44:02,282 basehttp "GET /static/img/sulAmerica.png HTTP/1.1" 404 1868
WARNING 2026-03-25 13:44:02,292 basehttp "GET /static/img/unimed.png HTTP/1.1" 404 1856
WARNING 2026-03-25 13:44:10,238 basehttp "GET /static/img/unieuro.png HTTP/1.1" 404 1859
WARNING 2026-03-25 13:44:10,480 basehttp "GET /static/img/unieuro.png HTTP/1.1" 404 1859
WARNING 2026-03-25 13:44:21,296 basehttp "GET /static/img/unieuro.png HTTP/1.1" 404 1859
WARNING 2026-03-25 13:44:21,506 basehttp "GET /static/img/unieuro.png HTTP/1.1" 404 1859
WARNING 2026-03-25 13:44:29,030 basehttp "GET /static/img/unieuro.png HTTP/1.1" 404 1859
WARNING 2026-03-25 13:44:29,245 basehttp "GET /static/img/unieuro.png HTTP/1.1" 404 1859
WARNING 2026-03-25 13:44:39,318 basehttp "GET /static/img/unieuro.png HTTP/1.1" 404 1859
WARNING 2026-03-25 13:44:39,547 basehttp "GET /static/img/unieuro.png HTTP/1.1" 404 1859
WARNING 2026-03-25 13:44:47,031 basehttp "GET /static/img/unieuro.png HTTP/1.1" 404 1859
WARNING 2026-03-25 13:44:47,254 basehttp "GET /static/img/unieuro.png HTTP/1.1" 404 1859
WARNING 2026-03-25 13:45:07,752 basehttp "GET /static/img/unieuro.png HTTP/1.1" 404 1859
WARNING 2026-03-25 13:45:08,012 basehttp "GET /static/img/unieuro.png HTTP/1.1" 404 1859
WARNING 2026-03-25 13:55:53,572 basehttp "GET /static/img/unieuro.png HTTP/1.1" 404 1859
WARNING 2026-03-25 13:55:53,726 basehttp "GET /static/img/unieuro.png HTTP/1.1" 404 1859
WARNING 2026-03-25 13:56:31,174 basehttp "GET /static/img/unieuro.png HTTP/1.1" 404 1859
WARNING 2026-03-25 13:56:31,290 basehttp "GET /static/img/unieuro.png HTTP/1.1" 404 1859
WARNING 2026-03-25 13:59:33,595 basehttp "GET /static/img/psicologia.png HTTP/1.1" 404 1868
WARNING 2026-03-25 13:59:33,604 basehttp "GET /static/img/unieuro.png HTTP/1.1" 404 1859
WARNING 2026-03-25 13:59:33,610 basehttp "GET /static/img/amil.png HTTP/1.1" 404 1850
WARNING 2026-03-25 13:59:33,614 basehttp "GET /static/img/assim-saude.png HTTP/1.1" 404 1871
WARNING 2026-03-25 13:59:33,618 basehttp "GET /static/img/bradesco-saude.png HTTP/1.1" 404 1880
WARNING 2026-03-25 13:59:33,625 basehttp "GET /static/img/Cemeru.png HTTP/1.1" 404 1856
WARNING 2026-03-25 13:59:33,636 basehttp "GET /static/img/golden-cross.png HTTP/1.1" 404 1874
WARNING 2026-03-25 13:59:33,643 basehttp "GET /static/img/Integral-Saude.png HTTP/1.1" 404 1880
WARNING 2026-03-25 13:59:33,669 basehttp "GET /static/img/LEVE.png HTTP/1.1" 404 1850
WARNING 2026-03-25 13:59:33,676 basehttp "GET /static/img/notredame-intermedica.png HTTP/1.1" 404 1901
WARNING 2026-03-25 13:59:33,679 basehttp "GET /static/img/porto-saude.png HTTP/1.1" 404 1871
WARNING 2026-03-25 13:59:33,689 basehttp "GET /static/img/Prevent-Senior.png HTTP/1.1" 404 1880
WARNING 2026-03-25 13:59:33,696 basehttp "GET /static/img/sulAmerica.png HTTP/1.1" 404 1868
WARNING 2026-03-25 13:59:33,700 basehttp "GET /static/img/unimed.png HTTP/1.1" 404 1856
WARNING 2026-03-25 13:59:37,039 basehttp "GET /static/img/unieuro.png HTTP/1.1" 404 1859
WARNING 2026-03-25 13:59:37,128 basehttp "GET /static/img/unieuro.png HTTP/1.1" 404 1859
WARNING 2026-03-25 13:59:45,042 basehttp "GET /static/img/unieuro.png HTTP/1.1" 404 1859
WARNING 2026-03-25 13:59:45,086 basehttp "GET /static/img/unieuro.png HTTP/1.1" 404 1859
ERROR 2026-03-25 13:59:51,443 log Internal Server Error: /estagiario/dados-inscrito-detalhe/comunidade/1/
Traceback (most recent call last):
  File "C:\projeto\Clinica-de-psicologia\clinica-de-psicologia\env\Lib\site-packages\django\template\defaulttags.py", line 1035, in find_library
    return parser.libraries[name]
           ~~~~~~~~~~~~~~~~^^^^^^
KeyError: 'usuario_filters'

During handling of the above exception, another exception occurred:

Traceback (most recent call last):
  File "C:\projeto\Clinica-de-psicologia\clinica-de-psicologia\env\Lib\site-packages\django\core\handlers\exception.py", line 55, in inner
    response = get_response(request)
               ^^^^^^^^^^^^^^^^^^^^^
  File "C:\projeto\Clinica-de-psicologia\clinica-de-psicologia\env\Lib\site-packages\django\core\handlers\base.py", line 197, in _get_response
    response = wrapped_callback(request, *callback_args, **callback_kwargs)
               ^^^^^^^^^^^^^^^^^^^^^^^^^^^^^^^^^^^^^^^^^^^^^^^^^^^^^^^^^^^^
  File "C:\projeto\Clinica-de-psicologia\clinica-de-psicologia\env\Lib\site-packages\django\contrib\auth\decorators.py", line 59, in _view_wrapper
    return view_func(request, *args, **kwargs)
           ^^^^^^^^^^^^^^^^^^^^^^^^^^^^^^^^^^^
  File "C:\projeto\Clinica-de-psicologia\clinica-de-psicologia\clinicaps\estagiario\views.py", line 369, in dados_inscrito_detalhe
    return render(request, 'dados_inscrito.html', context)
           ^^^^^^^^^^^^^^^^^^^^^^^^^^^^^^^^^^^^^^^^^^^^^^^
  File "C:\projeto\Clinica-de-psicologia\clinica-de-psicologia\env\Lib\site-packages\django\shortcuts.py", line 25, in render
    content = loader.render_to_string(template_name, context, request, using=using)
              ^^^^^^^^^^^^^^^^^^^^^^^^^^^^^^^^^^^^^^^^^^^^^^^^^^^^^^^^^^^^^^^^^^^^^
  File "C:\projeto\Clinica-de-psicologia\clinica-de-psicologia\env\Lib\site-packages\django\template\loader.py", line 61, in render_to_string
    template = get_template(template_name, using=using)
               ^^^^^^^^^^^^^^^^^^^^^^^^^^^^^^^^^^^^^^^^
  File "C:\projeto\Clinica-de-psicologia\clinica-de-psicologia\env\Lib\site-packages\django\template\loader.py", line 15, in get_template
    return engine.get_template(template_name)
           ^^^^^^^^^^^^^^^^^^^^^^^^^^^^^^^^^^
  File "C:\projeto\Clinica-de-psicologia\clinica-de-psicologia\env\Lib\site-packages\django\template\backends\django.py", line 79, in get_template
    return Template(self.engine.get_template(template_name), self)
                    ^^^^^^^^^^^^^^^^^^^^^^^^^^^^^^^^^^^^^^^
  File "C:\projeto\Clinica-de-psicologia\clinica-de-psicologia\env\Lib\site-packages\django\template\engine.py", line 177, in get_template
    template, origin = self.find_template(template_name)
                       ^^^^^^^^^^^^^^^^^^^^^^^^^^^^^^^^^
  File "C:\projeto\Clinica-de-psicologia\clinica-de-psicologia\env\Lib\site-packages\django\template\engine.py", line 159, in find_template
    template = loader.get_template(name, skip=skip)
               ^^^^^^^^^^^^^^^^^^^^^^^^^^^^^^^^^^^^
  File "C:\projeto\Clinica-de-psicologia\clinica-de-psicologia\env\Lib\site-packages\django\template\loaders\cached.py", line 57, in get_template
    template = super().get_template(template_name, skip)
               ^^^^^^^^^^^^^^^^^^^^^^^^^^^^^^^^^^^^^^^^^
  File "C:\projeto\Clinica-de-psicologia\clinica-de-psicologia\env\Lib\site-packages\django\template\loaders\base.py", line 28, in get_template
    return Template(
           ^^^^^^^^^
  File "C:\projeto\Clinica-de-psicologia\clinica-de-psicologia\env\Lib\site-packages\django\template\base.py", line 154, in __init__
    self.nodelist = self.compile_nodelist()
                    ^^^^^^^^^^^^^^^^^^^^^^^
  File "C:\projeto\Clinica-de-psicologia\clinica-de-psicologia\env\Lib\site-packages\django\template\base.py", line 196, in compile_nodelist
    nodelist = parser.parse()
               ^^^^^^^^^^^^^^
  File "C:\projeto\Clinica-de-psicologia\clinica-de-psicologia\env\Lib\site-packages\django\template\base.py", line 518, in parse
    raise self.error(token, e)
  File "C:\projeto\Clinica-de-psicologia\clinica-de-psicologia\env\Lib\site-packages\django\template\base.py", line 516, in parse
    compiled_result = compile_func(self, token)
                      ^^^^^^^^^^^^^^^^^^^^^^^^^
  File "C:\projeto\Clinica-de-psicologia\clinica-de-psicologia\env\Lib\site-packages\django\template\loader_tags.py", line 299, in do_extends
    nodelist = parser.parse()
               ^^^^^^^^^^^^^^
  File "C:\projeto\Clinica-de-psicologia\clinica-de-psicologia\env\Lib\site-packages\django\template\base.py", line 518, in parse
    raise self.error(token, e)
  File "C:\projeto\Clinica-de-psicologia\clinica-de-psicologia\env\Lib\site-packages\django\template\base.py", line 516, in parse
    compiled_result = compile_func(self, token)
                      ^^^^^^^^^^^^^^^^^^^^^^^^^
  File "C:\projeto\Clinica-de-psicologia\clinica-de-psicologia\env\Lib\site-packages\django\template\defaulttags.py", line 1097, in load
    lib = find_library(parser, name)
          ^^^^^^^^^^^^^^^^^^^^^^^^^^
  File "C:\projeto\Clinica-de-psicologia\clinica-de-psicologia\env\Lib\site-packages\django\template\defaulttags.py", line 1037, in find_library
    raise TemplateSyntaxError(
django.template.exceptions.TemplateSyntaxError: 'usuario_filters' is not a registered tag library. Must be one of:
admin_list
admin_modify
admin_urls
cache
i18n
jazzmin
l10n
log
static
tz
ERROR 2026-03-25 13:59:51,455 basehttp "GET /estagiario/dados-inscrito-detalhe/comunidade/1/ HTTP/1.1" 500 252040
WARNING 2026-03-25 14:08:22,673 basehttp "GET /static/img/unieuro.png HTTP/1.1" 404 1859
WARNING 2026-03-25 14:08:22,866 basehttp "GET /static/img/unieuro.png HTTP/1.1" 404 1859
WARNING 2026-03-25 14:08:28,178 basehttp "GET /static/img/unieuro.png HTTP/1.1" 404 1859
WARNING 2026-03-25 14:08:28,396 basehttp "GET /static/img/unieuro.png HTTP/1.1" 404 1859
WARNING 2026-03-25 14:08:40,610 basehttp "GET /static/img/unieuro.png HTTP/1.1" 404 1859
WARNING 2026-03-25 14:08:40,794 basehttp "GET /static/img/unieuro.png HTTP/1.1" 404 1859
WARNING 2026-03-25 14:08:44,301 basehttp "GET /static/img/unieuro.png HTTP/1.1" 404 1859
WARNING 2026-03-25 14:08:44,334 basehttp "GET /static/img/unieuro.png HTTP/1.1" 404 1859
WARNING 2026-03-25 14:08:46,271 basehttp "GET /static/img/unieuro.png HTTP/1.1" 404 1859
WARNING 2026-03-25 14:08:46,313 basehttp "GET /static/img/unieuro.png HTTP/1.1" 404 1859
WARNING 2026-03-25 14:11:57,706 basehttp "GET /static/img/unieuro.png HTTP/1.1" 404 1859
WARNING 2026-03-25 14:11:57,922 basehttp "GET /static/img/unieuro.png HTTP/1.1" 404 1859
WARNING 2026-03-25 14:12:00,123 basehttp "GET /static/img/unieuro.png HTTP/1.1" 404 1859
WARNING 2026-03-25 14:12:00,342 basehttp "GET /static/img/unieuro.png HTTP/1.1" 404 1859
WARNING 2026-03-25 14:12:02,597 basehttp "GET /static/img/unieuro.png HTTP/1.1" 404 1859
WARNING 2026-03-25 14:12:02,704 basehttp "GET /static/img/unieuro.png HTTP/1.1" 404 1859
WARNING 2026-03-25 14:12:08,191 basehttp "GET /static/img/unieuro.png HTTP/1.1" 404 1859
WARNING 2026-03-25 14:12:08,416 basehttp "GET /static/img/unieuro.png HTTP/1.1" 404 1859
WARNING 2026-03-25 14:12:35,412 basehttp "GET /static/img/unieuro.png HTTP/1.1" 404 1859
WARNING 2026-03-25 14:12:35,534 basehttp "GET /static/img/unieuro.png HTTP/1.1" 404 1859
WARNING 2026-03-25 14:12:37,666 basehttp "GET /static/img/unieuro.png HTTP/1.1" 404 1859
WARNING 2026-03-25 14:12:37,770 basehttp "GET /static/img/unieuro.png HTTP/1.1" 404 1859
WARNING 2026-03-25 14:12:41,168 basehttp "GET /static/img/unieuro.png HTTP/1.1" 404 1859
WARNING 2026-03-25 14:12:41,293 basehttp "GET /static/img/unieuro.png HTTP/1.1" 404 1859
WARNING 2026-03-25 14:13:13,388 basehttp "GET /static/img/unieuro.png HTTP/1.1" 404 1859
WARNING 2026-03-25 14:13:13,589 basehttp "GET /static/img/unieuro.png HTTP/1.1" 404 1859
WARNING 2026-03-25 14:13:14,987 basehttp "GET /static/img/unieuro.png HTTP/1.1" 404 1859
WARNING 2026-03-25 14:13:15,177 basehttp "GET /static/img/unieuro.png HTTP/1.1" 404 1859
WARNING 2026-03-25 14:13:17,055 basehttp "GET /static/img/unieuro.png HTTP/1.1" 404 1859
WARNING 2026-03-25 14:13:17,287 basehttp "GET /static/img/unieuro.png HTTP/1.1" 404 1859
WARNING 2026-03-25 14:13:19,687 basehttp "GET /static/img/unieuro.png HTTP/1.1" 404 1859
WARNING 2026-03-25 14:13:19,915 basehttp "GET /static/img/unieuro.png HTTP/1.1" 404 1859
WARNING 2026-03-25 14:18:32,692 basehttp "GET /static/img/psicologia.png HTTP/1.1" 404 1868
WARNING 2026-03-25 14:18:32,694 basehttp "GET /static/img/unieuro.png HTTP/1.1" 404 1859
WARNING 2026-03-25 14:18:32,694 basehttp "GET /static/img/amil.png HTTP/1.1" 404 1850
WARNING 2026-03-25 14:18:32,694 basehttp "GET /static/img/assim-saude.png HTTP/1.1" 404 1871
WARNING 2026-03-25 14:18:32,705 basehttp "GET /static/img/bradesco-saude.png HTTP/1.1" 404 1880
WARNING 2026-03-25 14:18:32,712 basehttp "GET /static/img/Cemeru.png HTTP/1.1" 404 1856
WARNING 2026-03-25 14:18:32,722 basehttp "GET /static/img/golden-cross.png HTTP/1.1" 404 1874
WARNING 2026-03-25 14:18:32,730 basehttp "GET /static/img/Integral-Saude.png HTTP/1.1" 404 1880
WARNING 2026-03-25 14:18:32,742 basehttp "GET /static/img/LEVE.png HTTP/1.1" 404 1850
WARNING 2026-03-25 14:18:32,755 basehttp "GET /static/img/notredame-intermedica.png HTTP/1.1" 404 1901
WARNING 2026-03-25 14:18:32,769 basehttp "GET /static/img/porto-saude.png HTTP/1.1" 404 1871
WARNING 2026-03-25 14:18:32,788 basehttp "GET /static/img/sulAmerica.png HTTP/1.1" 404 1868
WARNING 2026-03-25 14:18:32,788 basehttp "GET /static/img/Prevent-Senior.png HTTP/1.1" 404 1880
WARNING 2026-03-25 14:18:32,795 basehttp "GET /static/img/unimed.png HTTP/1.1" 404 1856
WARNING 2026-03-25 14:18:41,031 basehttp "GET /static/img/unieuro.png HTTP/1.1" 404 1859
WARNING 2026-03-25 14:18:41,240 basehttp "GET /static/img/unieuro.png HTTP/1.1" 404 1859
WARNING 2026-03-25 14:18:46,543 basehttp "GET /static/img/unieuro.png HTTP/1.1" 404 1859
WARNING 2026-03-25 14:18:46,579 basehttp "GET /static/img/psicologia.png HTTP/1.1" 404 1868
WARNING 2026-03-25 14:18:46,583 basehttp "GET /static/img/amil.png HTTP/1.1" 404 1850
WARNING 2026-03-25 14:18:46,587 basehttp "GET /static/img/assim-saude.png HTTP/1.1" 404 1871
WARNING 2026-03-25 14:18:46,608 basehttp "GET /static/img/Cemeru.png HTTP/1.1" 404 1856
WARNING 2026-03-25 14:18:46,615 basehttp "GET /static/img/bradesco-saude.png HTTP/1.1" 404 1880
WARNING 2026-03-25 14:18:46,626 basehttp "GET /static/img/golden-cross.png HTTP/1.1" 404 1874
WARNING 2026-03-25 14:18:46,628 basehttp "GET /static/img/Integral-Saude.png HTTP/1.1" 404 1880
WARNING 2026-03-25 14:18:46,638 basehttp "GET /static/img/LEVE.png HTTP/1.1" 404 1850
WARNING 2026-03-25 14:18:46,647 basehttp "GET /static/img/notredame-intermedica.png HTTP/1.1" 404 1901
WARNING 2026-03-25 14:18:46,658 basehttp "GET /static/img/porto-saude.png HTTP/1.1" 404 1871
WARNING 2026-03-25 14:18:46,658 basehttp "GET /static/img/Prevent-Senior.png HTTP/1.1" 404 1880
WARNING 2026-03-25 14:18:46,672 basehttp "GET /static/img/sulAmerica.png HTTP/1.1" 404 1868
WARNING 2026-03-25 14:18:46,672 basehttp "GET /static/img/unimed.png HTTP/1.1" 404 1856
WARNING 2026-03-25 14:18:48,956 basehttp "GET /static/img/unieuro.png HTTP/1.1" 404 1859
WARNING 2026-03-25 14:18:48,984 basehttp "GET /static/img/amil.png HTTP/1.1" 404 1850
WARNING 2026-03-25 14:18:48,984 basehttp "GET /static/img/psicologia.png HTTP/1.1" 404 1868
WARNING 2026-03-25 14:18:48,993 basehttp "GET /static/img/assim-saude.png HTTP/1.1" 404 1871
WARNING 2026-03-25 14:18:49,014 basehttp "GET /static/img/bradesco-saude.png HTTP/1.1" 404 1880
WARNING 2026-03-25 14:18:49,018 basehttp "GET /static/img/Cemeru.png HTTP/1.1" 404 1856
WARNING 2026-03-25 14:18:49,038 basehttp "GET /static/img/golden-cross.png HTTP/1.1" 404 1874
WARNING 2026-03-25 14:18:49,046 basehttp "GET /static/img/Integral-Saude.png HTTP/1.1" 404 1880
WARNING 2026-03-25 14:18:49,056 basehttp "GET /static/img/LEVE.png HTTP/1.1" 404 1850
WARNING 2026-03-25 14:18:49,056 basehttp "GET /static/img/notredame-intermedica.png HTTP/1.1" 404 1901
WARNING 2026-03-25 14:18:49,073 basehttp "GET /static/img/porto-saude.png HTTP/1.1" 404 1871
WARNING 2026-03-25 14:18:49,078 basehttp "GET /static/img/Prevent-Senior.png HTTP/1.1" 404 1880
WARNING 2026-03-25 14:18:49,088 basehttp "GET /static/img/sulAmerica.png HTTP/1.1" 404 1868
WARNING 2026-03-25 14:18:49,091 basehttp "GET /static/img/unimed.png HTTP/1.1" 404 1856
WARNING 2026-03-25 14:18:54,347 basehttp "GET /static/logo.png HTTP/1.1" 404 1838
WARNING 2026-03-25 14:20:27,350 basehttp "GET /static/logo.png HTTP/1.1" 404 1838
WARNING 2026-03-25 14:30:50,617 basehttp "GET /static/img/unieuro.png HTTP/1.1" 404 1859
WARNING 2026-03-25 14:30:50,623 basehttp "GET /static/img/psicologia.png HTTP/1.1" 404 1868
WARNING 2026-03-25 14:30:50,623 basehttp "GET /static/img/amil.png HTTP/1.1" 404 1850
WARNING 2026-03-25 14:30:50,623 basehttp "GET /static/img/Cemeru.png HTTP/1.1" 404 1856
WARNING 2026-03-25 14:30:50,627 basehttp "GET /static/img/bradesco-saude.png HTTP/1.1" 404 1880
WARNING 2026-03-25 14:30:50,629 basehttp "GET /static/img/assim-saude.png HTTP/1.1" 404 1871
WARNING 2026-03-25 14:30:50,650 basehttp "GET /static/img/golden-cross.png HTTP/1.1" 404 1874
WARNING 2026-03-25 14:30:50,679 basehttp "GET /static/img/Integral-Saude.png HTTP/1.1" 404 1880
WARNING 2026-03-25 14:30:50,680 basehttp "GET /static/img/notredame-intermedica.png HTTP/1.1" 404 1901
WARNING 2026-03-25 14:30:50,683 basehttp "GET /static/img/LEVE.png HTTP/1.1" 404 1850
WARNING 2026-03-25 14:30:50,690 basehttp "GET /static/img/porto-saude.png HTTP/1.1" 404 1871
WARNING 2026-03-25 14:30:50,697 basehttp "GET /static/img/Prevent-Senior.png HTTP/1.1" 404 1880
WARNING 2026-03-25 14:30:50,706 basehttp "GET /static/img/sulAmerica.png HTTP/1.1" 404 1868
WARNING 2026-03-25 14:31:05,248 basehttp "GET /static/logo.png HTTP/1.1" 404 1838
WARNING 2026-03-25 14:31:45,147 basehttp "GET /static/logo.png HTTP/1.1" 404 1838
WARNING 2026-03-25 14:33:43,346 basehttp "GET /static/img/unieuro.png HTTP/1.1" 404 1859
WARNING 2026-03-25 14:33:43,453 basehttp "GET /static/img/unieuro.png HTTP/1.1" 404 1859
WARNING 2026-03-25 14:34:06,104 basehttp "GET /static/img/unieuro.png HTTP/1.1" 404 1859
WARNING 2026-03-25 14:34:06,134 basehttp "GET /static/img/unieuro.png HTTP/1.1" 404 1859
WARNING 2026-03-25 14:34:08,678 basehttp "GET /static/img/unieuro.png HTTP/1.1" 404 1859
WARNING 2026-03-25 14:34:08,893 basehttp "GET /static/img/unieuro.png HTTP/1.1" 404 1859
WARNING 2026-03-25 14:37:00,194 basehttp "GET /static/img/unieuro.png HTTP/1.1" 404 1859
WARNING 2026-03-25 14:37:00,234 basehttp "GET /static/img/unieuro.png HTTP/1.1" 404 1859
WARNING 2026-03-25 14:40:14,843 basehttp "GET /static/img/unieuro.png HTTP/1.1" 404 1859
WARNING 2026-03-25 14:40:33,932 basehttp "GET /static/img/unieuro.png HTTP/1.1" 404 1859
WARNING 2026-03-25 14:40:34,051 basehttp "GET /static/img/unieuro.png HTTP/1.1" 404 1859
WARNING 2026-03-25 14:40:44,219 basehttp "GET /static/img/unieuro.png HTTP/1.1" 404 1859
WARNING 2026-03-25 14:40:44,396 basehttp "GET /static/img/unieuro.png HTTP/1.1" 404 1859
WARNING 2026-03-25 14:41:00,540 basehttp "GET /static/img/unieuro.png HTTP/1.1" 404 1859
WARNING 2026-03-25 14:41:00,724 basehttp "GET /static/img/unieuro.png HTTP/1.1" 404 1859
WARNING 2026-03-25 14:41:07,397 basehttp "GET /static/img/unieuro.png HTTP/1.1" 404 1859
WARNING 2026-03-25 14:41:07,550 basehttp "GET /static/img/unieuro.png HTTP/1.1" 404 1859
WARNING 2026-03-25 14:41:12,237 basehttp "GET /static/img/unieuro.png HTTP/1.1" 404 1859
WARNING 2026-03-25 14:41:12,390 basehttp "GET /static/img/unieuro.png HTTP/1.1" 404 1859
WARNING 2026-03-25 14:41:17,706 basehttp "GET /static/img/unieuro.png HTTP/1.1" 404 1859
WARNING 2026-03-25 14:41:17,967 basehttp "GET /static/img/unieuro.png HTTP/1.1" 404 1859
WARNING 2026-03-25 14:41:21,719 basehttp "GET /static/img/unieuro.png HTTP/1.1" 404 1859
WARNING 2026-03-25 14:41:21,881 basehttp "GET /static/img/unieuro.png HTTP/1.1" 404 1859
WARNING 2026-03-25 14:42:14,818 basehttp "GET /static/img/unieuro.png HTTP/1.1" 404 1859
WARNING 2026-03-25 14:42:15,047 basehttp "GET /static/img/unieuro.png HTTP/1.1" 404 1859
WARNING 2026-03-25 14:42:34,560 basehttp "GET /static/img/unieuro.png HTTP/1.1" 404 1859
WARNING 2026-03-25 14:42:34,772 basehttp "GET /static/img/unieuro.png HTTP/1.1" 404 1859
WARNING 2026-03-25 14:42:52,310 basehttp "GET /static/img/unieuro.png HTTP/1.1" 404 1859
WARNING 2026-03-25 14:42:52,523 basehttp "GET /static/img/unieuro.png HTTP/1.1" 404 1859
WARNING 2026-03-25 14:43:08,137 basehttp "GET /static/img/unieuro.png HTTP/1.1" 404 1859
WARNING 2026-03-25 14:45:03,098 basehttp "GET /static/img/unieuro.png HTTP/1.1" 404 1859
WARNING 2026-03-25 14:45:03,192 basehttp "GET /static/img/unieuro.png HTTP/1.1" 404 1859
WARNING 2026-03-25 14:47:02,554 basehttp "GET /static/img/unieuro.png HTTP/1.1" 404 1859
WARNING 2026-03-25 14:47:02,787 basehttp "GET /static/img/unieuro.png HTTP/1.1" 404 1859
WARNING 2026-03-25 14:47:37,836 basehttp "GET /static/img/unieuro.png HTTP/1.1" 404 1859
WARNING 2026-03-25 14:47:38,056 basehttp "GET /static/img/unieuro.png HTTP/1.1" 404 1859
WARNING 2026-03-25 14:47:50,134 basehttp "GET /static/img/unieuro.png HTTP/1.1" 404 1859
WARNING 2026-03-25 14:47:50,341 basehttp "GET /static/img/unieuro.png HTTP/1.1" 404 1859
WARNING 2026-03-25 14:47:54,455 basehttp "GET /static/img/unieuro.png HTTP/1.1" 404 1859
WARNING 2026-03-25 14:47:54,701 basehttp "GET /static/img/unieuro.png HTTP/1.1" 404 1859
WARNING 2026-03-25 14:48:48,009 basehttp "GET /static/img/unieuro.png HTTP/1.1" 404 1859
WARNING 2026-03-25 14:48:48,228 basehttp "GET /static/img/unieuro.png HTTP/1.1" 404 1859
WARNING 2026-03-25 14:49:37,027 basehttp "GET /static/img/unieuro.png HTTP/1.1" 404 1859
WARNING 2026-03-25 14:49:37,237 basehttp "GET /static/img/unieuro.png HTTP/1.1" 404 1859
WARNING 2026-03-25 14:50:21,785 basehttp "GET /static/img/unieuro.png HTTP/1.1" 404 1859
WARNING 2026-03-25 14:50:21,985 basehttp "GET /static/img/unieuro.png HTTP/1.1" 404 1859
WARNING 2026-03-25 14:51:11,170 basehttp "GET /static/img/unieuro.png HTTP/1.1" 404 1859
WARNING 2026-03-25 14:51:11,481 basehttp "GET /static/img/unieuro.png HTTP/1.1" 404 1859
WARNING 2026-03-25 14:51:17,577 basehttp "GET /static/img/unieuro.png HTTP/1.1" 404 1859
WARNING 2026-03-25 14:51:17,765 basehttp "GET /static/img/unieuro.png HTTP/1.1" 404 1859
WARNING 2026-03-25 14:51:20,245 basehttp "GET /static/img/unieuro.png HTTP/1.1" 404 1859
WARNING 2026-03-25 14:51:20,426 basehttp "GET /static/img/unieuro.png HTTP/1.1" 404 1859
WARNING 2026-03-25 14:51:22,425 basehttp "GET /static/img/unieuro.png HTTP/1.1" 404 1859
WARNING 2026-03-25 14:51:22,629 basehttp "GET /static/img/unieuro.png HTTP/1.1" 404 1859
WARNING 2026-03-25 14:51:24,423 basehttp "GET /static/img/unieuro.png HTTP/1.1" 404 1859
WARNING 2026-03-25 14:51:24,668 basehttp "GET /static/img/unieuro.png HTTP/1.1" 404 1859
WARNING 2026-03-25 14:51:27,691 basehttp "GET /static/img/unieuro.png HTTP/1.1" 404 1859
WARNING 2026-03-25 14:51:27,918 basehttp "GET /static/img/unieuro.png HTTP/1.1" 404 1859
WARNING 2026-03-25 14:53:25,458 basehttp "GET /static/img/unieuro.png HTTP/1.1" 404 1859
WARNING 2026-03-25 14:53:25,684 basehttp "GET /static/img/unieuro.png HTTP/1.1" 404 1859
WARNING 2026-03-25 14:53:28,605 basehttp "GET /static/img/unieuro.png HTTP/1.1" 404 1859
WARNING 2026-03-25 14:53:28,811 basehttp "GET /static/img/unieuro.png HTTP/1.1" 404 1859
WARNING 2026-03-25 14:53:37,985 basehttp "GET /static/img/unieuro.png HTTP/1.1" 404 1859
WARNING 2026-03-25 14:53:38,076 basehttp "GET /static/img/unieuro.png HTTP/1.1" 404 1859
WARNING 2026-03-25 14:53:39,873 basehttp "GET /static/img/unieuro.png HTTP/1.1" 404 1859
WARNING 2026-03-25 14:53:40,076 basehttp "GET /static/img/unieuro.png HTTP/1.1" 404 1859
WARNING 2026-03-25 14:54:33,621 basehttp "GET /static/img/unieuro.png HTTP/1.1" 404 1859
WARNING 2026-03-25 14:54:33,826 basehttp "GET /static/img/unieuro.png HTTP/1.1" 404 1859
WARNING 2026-03-25 14:55:12,701 basehttp "GET /static/img/unieuro.png HTTP/1.1" 404 1859
WARNING 2026-03-25 14:55:12,830 basehttp "GET /static/img/unieuro.png HTTP/1.1" 404 1859
WARNING 2026-03-25 14:55:34,974 basehttp "GET /static/img/unieuro.png HTTP/1.1" 404 1859
WARNING 2026-03-25 14:55:35,300 basehttp "GET /static/img/unieuro.png HTTP/1.1" 404 1859
WARNING 2026-03-25 14:56:31,468 basehttp "GET /static/img/unieuro.png HTTP/1.1" 404 1859
WARNING 2026-03-25 14:56:31,920 basehttp "GET /static/img/unieuro.png HTTP/1.1" 404 1859
WARNING 2026-03-25 14:56:35,103 basehttp "GET /static/img/unieuro.png HTTP/1.1" 404 1859
WARNING 2026-03-25 14:56:35,270 basehttp "GET /static/img/unieuro.png HTTP/1.1" 404 1859
WARNING 2026-03-25 14:57:05,962 basehttp "GET /static/img/unieuro.png HTTP/1.1" 404 1859
WARNING 2026-03-25 14:57:06,269 basehttp "GET /static/img/unieuro.png HTTP/1.1" 404 1859
WARNING 2026-03-25 14:57:15,402 basehttp "GET /static/img/unieuro.png HTTP/1.1" 404 1859
WARNING 2026-03-25 14:57:15,579 basehttp "GET /static/img/unieuro.png HTTP/1.1" 404 1859
WARNING 2026-03-25 14:59:07,648 basehttp "GET /static/img/unieuro.png HTTP/1.1" 404 1859
WARNING 2026-03-25 14:59:08,020 basehttp "GET /static/img/unieuro.png HTTP/1.1" 404 1859
WARNING 2026-03-25 15:02:01,557 basehttp "GET /static/img/unieuro.png HTTP/1.1" 404 1859
WARNING 2026-03-25 15:02:01,873 basehttp "GET /static/img/unieuro.png HTTP/1.1" 404 1859
WARNING 2026-03-25 15:02:14,905 basehttp "GET /static/img/unieuro.png HTTP/1.1" 404 1859
WARNING 2026-03-25 15:02:15,241 basehttp "GET /static/img/unieuro.png HTTP/1.1" 404 1859
WARNING 2026-03-25 15:02:31,061 basehttp "GET /static/img/unieuro.png HTTP/1.1" 404 1859
WARNING 2026-03-25 15:02:31,239 basehttp "GET /static/img/unieuro.png HTTP/1.1" 404 1859
WARNING 2026-03-25 15:02:35,366 basehttp "GET /static/img/unieuro.png HTTP/1.1" 404 1859
WARNING 2026-03-25 15:02:35,692 basehttp "GET /static/img/unieuro.png HTTP/1.1" 404 1859
WARNING 2026-03-25 15:02:44,765 basehttp "GET /static/img/unieuro.png HTTP/1.1" 404 1859
WARNING 2026-03-25 15:02:44,906 basehttp "GET /static/img/unieuro.png HTTP/1.1" 404 1859
WARNING 2026-03-25 15:04:30,474 basehttp "GET /static/img/unieuro.png HTTP/1.1" 404 1859
WARNING 2026-03-25 15:04:30,816 basehttp "GET /static/img/unieuro.png HTTP/1.1" 404 1859
WARNING 2026-03-25 15:12:24,462 basehttp "GET /static/img/unieuro.png HTTP/1.1" 404 1859
WARNING 2026-03-25 15:12:24,480 basehttp "GET /static/img/psicologia.png HTTP/1.1" 404 1868
WARNING 2026-03-25 15:12:24,480 basehttp "GET /static/img/amil.png HTTP/1.1" 404 1850
WARNING 2026-03-25 15:12:24,494 basehttp "GET /static/img/assim-saude.png HTTP/1.1" 404 1871
WARNING 2026-03-25 15:12:24,505 basehttp "GET /static/img/bradesco-saude.png HTTP/1.1" 404 1880
WARNING 2026-03-25 15:12:24,537 basehttp "GET /static/img/Cemeru.png HTTP/1.1" 404 1856
WARNING 2026-03-25 15:12:24,538 basehttp "GET /static/img/golden-cross.png HTTP/1.1" 404 1874
WARNING 2026-03-25 15:12:24,575 basehttp "GET /static/img/Integral-Saude.png HTTP/1.1" 404 1880
WARNING 2026-03-25 15:12:24,610 basehttp "GET /static/img/notredame-intermedica.png HTTP/1.1" 404 1901
WARNING 2026-03-25 15:12:24,615 basehttp "GET /static/img/LEVE.png HTTP/1.1" 404 1850
WARNING 2026-03-25 15:12:24,615 basehttp "GET /static/img/porto-saude.png HTTP/1.1" 404 1871
WARNING 2026-03-25 15:12:24,634 basehttp "GET /static/img/Prevent-Senior.png HTTP/1.1" 404 1880
WARNING 2026-03-25 15:12:24,648 basehttp "GET /static/img/sulAmerica.png HTTP/1.1" 404 1868
WARNING 2026-03-25 15:12:24,658 basehttp "GET /static/img/unimed.png HTTP/1.1" 404 1856
WARNING 2026-03-25 15:13:02,329 basehttp "GET /static/logo.png HTTP/1.1" 404 1838
WARNING 2026-03-25 15:49:33,028 basehttp "GET /static/img/unieuro.png HTTP/1.1" 404 1859
WARNING 2026-03-25 15:49:33,083 basehttp "GET /static/img/assim-saude.png HTTP/1.1" 404 1871
WARNING 2026-03-25 15:49:33,087 basehttp "GET /static/img/psicologia.png HTTP/1.1" 404 1868
WARNING 2026-03-25 15:49:33,089 basehttp "GET /static/img/amil.png HTTP/1.1" 404 1850
WARNING 2026-03-25 15:49:33,109 basehttp "GET /static/img/bradesco-saude.png HTTP/1.1" 404 1880
WARNING 2026-03-25 15:49:33,147 basehttp "GET /static/img/Cemeru.png HTTP/1.1" 404 1856
WARNING 2026-03-25 15:49:33,173 basehttp "GET /static/img/golden-cross.png HTTP/1.1" 404 1874
WARNING 2026-03-25 15:49:33,174 basehttp "GET /static/img/Integral-Saude.png HTTP/1.1" 404 1880
WARNING 2026-03-25 15:49:33,174 basehttp "GET /static/img/LEVE.png HTTP/1.1" 404 1850
WARNING 2026-03-25 15:49:33,202 basehttp "GET /static/img/notredame-intermedica.png HTTP/1.1" 404 1901
WARNING 2026-03-25 15:49:33,221 basehttp "GET /static/img/porto-saude.png HTTP/1.1" 404 1871
WARNING 2026-03-25 15:49:33,229 basehttp "GET /static/img/Prevent-Senior.png HTTP/1.1" 404 1880
WARNING 2026-03-25 15:49:33,231 basehttp "GET /static/img/sulAmerica.png HTTP/1.1" 404 1868
WARNING 2026-03-25 15:49:33,245 basehttp "GET /static/img/unimed.png HTTP/1.1" 404 1856
WARNING 2026-03-27 13:18:18,034 basehttp "GET /static/img/bradesco-saude.png HTTP/1.1" 404 1880
WARNING 2026-03-27 13:18:18,034 basehttp "GET /static/img/Cemeru.png HTTP/1.1" 404 1856
WARNING 2026-03-27 13:18:18,034 basehttp "GET /static/img/psicologia.png HTTP/1.1" 404 1868
WARNING 2026-03-27 13:18:18,034 basehttp "GET /static/img/unieuro.png HTTP/1.1" 404 1859
WARNING 2026-03-27 13:18:18,034 basehttp "GET /static/img/amil.png HTTP/1.1" 404 1850
WARNING 2026-03-27 13:18:18,034 basehttp "GET /static/img/assim-saude.png HTTP/1.1" 404 1871
WARNING 2026-03-27 13:18:18,063 basehttp "GET /static/img/psicologia.png HTTP/1.1" 404 1868
WARNING 2026-03-27 13:18:18,087 basehttp "GET /static/img/unieuro.png HTTP/1.1" 404 1859
WARNING 2026-03-27 13:18:18,088 basehttp "GET /static/img/golden-cross.png HTTP/1.1" 404 1874
WARNING 2026-03-27 13:18:18,095 basehttp "GET /static/img/amil.png HTTP/1.1" 404 1850
WARNING 2026-03-27 13:18:18,095 basehttp "GET /static/img/Integral-Saude.png HTTP/1.1" 404 1880
WARNING 2026-03-27 13:18:18,095 basehttp "GET /static/img/LEVE.png HTTP/1.1" 404 1850
WARNING 2026-03-27 13:18:18,109 basehttp "GET /static/img/assim-saude.png HTTP/1.1" 404 1871
WARNING 2026-03-27 13:18:18,119 basehttp "GET /static/img/notredame-intermedica.png HTTP/1.1" 404 1901
WARNING 2026-03-27 13:18:18,136 basehttp "GET /static/img/porto-saude.png HTTP/1.1" 404 1871
WARNING 2026-03-27 13:18:18,140 basehttp "GET /static/img/bradesco-saude.png HTTP/1.1" 404 1880
WARNING 2026-03-27 13:18:18,147 basehttp "GET /static/img/sulAmerica.png HTTP/1.1" 404 1868
WARNING 2026-03-27 13:18:18,147 basehttp "GET /static/img/Prevent-Senior.png HTTP/1.1" 404 1880
WARNING 2026-03-27 13:18:18,151 basehttp "GET /static/img/unimed.png HTTP/1.1" 404 1856
WARNING 2026-03-27 13:18:18,190 basehttp "GET /static/img/golden-cross.png HTTP/1.1" 404 1874
WARNING 2026-03-27 13:18:18,190 basehttp "GET /static/img/Cemeru.png HTTP/1.1" 404 1856
WARNING 2026-03-27 13:18:18,190 basehttp "GET /static/img/Integral-Saude.png HTTP/1.1" 404 1880
WARNING 2026-03-27 13:18:18,205 basehttp "GET /static/img/LEVE.png HTTP/1.1" 404 1850
WARNING 2026-03-27 13:18:18,217 basehttp "GET /static/img/porto-saude.png HTTP/1.1" 404 1871
WARNING 2026-03-27 13:18:18,217 basehttp "GET /static/img/notredame-intermedica.png HTTP/1.1" 404 1901
WARNING 2026-03-27 13:18:18,225 basehttp "GET /static/img/Prevent-Senior.png HTTP/1.1" 404 1880
WARNING 2026-03-27 13:18:18,235 basehttp "GET /static/img/unimed.png HTTP/1.1" 404 1856
WARNING 2026-03-27 13:18:18,236 basehttp "GET /static/img/sulAmerica.png HTTP/1.1" 404 1868
WARNING 2026-03-27 13:18:41,568 basehttp "GET /static/img/unieuro.png HTTP/1.1" 404 1859
WARNING 2026-03-27 13:18:45,503 basehttp "GET /static/img/unieuro.png HTTP/1.1" 404 1859
WARNING 2026-03-27 13:18:45,528 basehttp "GET /static/img/unieuro.png HTTP/1.1" 404 1859
WARNING 2026-03-27 13:18:47,565 basehttp "GET /static/img/unieuro.png HTTP/1.1" 404 1859
WARNING 2026-03-27 13:18:47,591 basehttp "GET /static/img/unieuro.png HTTP/1.1" 404 1859
WARNING 2026-03-27 13:18:55,464 basehttp "GET /static/img/unieuro.png HTTP/1.1" 404 1859
WARNING 2026-03-27 13:18:55,543 basehttp "GET /static/img/unieuro.png HTTP/1.1" 404 1859
WARNING 2026-03-27 13:19:00,546 basehttp "GET /static/img/unieuro.png HTTP/1.1" 404 1859
WARNING 2026-03-27 13:19:00,643 basehttp "GET /static/img/unieuro.png HTTP/1.1" 404 1859
WARNING 2026-03-27 13:19:06,116 basehttp "GET /static/img/unieuro.png HTTP/1.1" 404 1859
WARNING 2026-03-27 13:19:06,269 basehttp "GET /static/img/unieuro.png HTTP/1.1" 404 1859
WARNING 2026-03-27 13:19:37,215 basehttp "GET /static/img/unieuro.png HTTP/1.1" 404 1859
WARNING 2026-03-27 13:19:40,156 basehttp "GET /static/img/unieuro.png HTTP/1.1" 404 1859
WARNING 2026-03-27 13:19:44,421 basehttp "GET /static/img/unieuro.png HTTP/1.1" 404 1859
WARNING 2026-03-27 13:19:51,522 basehttp "GET /static/img/unieuro.png HTTP/1.1" 404 1859
WARNING 2026-03-27 13:19:53,411 basehttp "GET /static/img/unieuro.png HTTP/1.1" 404 1859
WARNING 2026-03-27 13:20:08,532 basehttp "GET /static/img/unieuro.png HTTP/1.1" 404 1859
WARNING 2026-03-27 13:20:14,539 basehttp "GET /static/img/unieuro.png HTTP/1.1" 404 1859
WARNING 2026-03-27 13:20:14,669 basehttp "GET /static/img/unieuro.png HTTP/1.1" 404 1859
WARNING 2026-03-27 13:20:18,427 basehttp "GET /static/img/unieuro.png HTTP/1.1" 404 1859
WARNING 2026-03-27 13:20:18,564 basehttp "GET /static/img/unieuro.png HTTP/1.1" 404 1859
WARNING 2026-03-27 13:20:19,938 basehttp "GET /static/img/unieuro.png HTTP/1.1" 404 1859
WARNING 2026-03-27 13:20:21,887 basehttp "GET /static/img/unieuro.png HTTP/1.1" 404 1859
WARNING 2026-03-27 13:20:22,403 basehttp "GET /static/img/unieuro.png HTTP/1.1" 404 1859
WARNING 2026-03-27 13:20:23,782 basehttp "GET /static/img/unieuro.png HTTP/1.1" 404 1859
WARNING 2026-03-27 13:20:25,441 basehttp "GET /static/img/unieuro.png HTTP/1.1" 404 1859
WARNING 2026-03-27 13:20:25,566 basehttp "GET /static/img/unieuro.png HTTP/1.1" 404 1859
WARNING 2026-03-27 13:20:27,421 basehttp "GET /static/img/unieuro.png HTTP/1.1" 404 1859
WARNING 2026-03-27 13:20:28,434 basehttp "GET /static/img/unieuro.png HTTP/1.1" 404 1859
WARNING 2026-03-27 13:20:28,505 basehttp "GET /static/img/unieuro.png HTTP/1.1" 404 1859
WARNING 2026-03-27 13:20:32,757 basehttp "GET /static/img/unieuro.png HTTP/1.1" 404 1859
WARNING 2026-03-27 13:20:32,878 basehttp "GET /static/img/unieuro.png HTTP/1.1" 404 1859
WARNING 2026-03-27 13:20:38,077 basehttp "GET /static/img/unieuro.png HTTP/1.1" 404 1859
WARNING 2026-03-27 13:20:46,064 basehttp "GET /static/img/unieuro.png HTTP/1.1" 404 1859
WARNING 2026-03-27 13:20:46,176 basehttp "GET /static/img/unieuro.png HTTP/1.1" 404 1859
WARNING 2026-03-27 13:20:58,581 basehttp "GET /static/img/unieuro.png HTTP/1.1" 404 1859
WARNING 2026-03-27 13:20:58,746 basehttp "GET /static/img/unieuro.png HTTP/1.1" 404 1859
WARNING 2026-03-27 13:21:00,878 basehttp "GET /static/img/unieuro.png HTTP/1.1" 404 1859
WARNING 2026-03-27 13:21:01,020 basehttp "GET /static/img/unieuro.png HTTP/1.1" 404 1859
WARNING 2026-03-27 13:21:15,564 basehttp "GET /static/img/unieuro.png HTTP/1.1" 404 1859
WARNING 2026-03-27 13:21:18,429 basehttp "GET /static/img/unieuro.png HTTP/1.1" 404 1859
WARNING 2026-03-27 13:21:28,277 basehttp "GET /static/img/unieuro.png HTTP/1.1" 404 1859
WARNING 2026-03-27 13:21:28,400 basehttp "GET /static/img/unieuro.png HTTP/1.1" 404 1859
WARNING 2026-03-27 13:21:31,083 basehttp "GET /static/img/unieuro.png HTTP/1.1" 404 1859
WARNING 2026-03-27 13:21:31,196 basehttp "GET /static/img/unieuro.png HTTP/1.1" 404 1859
WARNING 2026-03-27 13:21:33,834 basehttp "GET /static/img/unieuro.png HTTP/1.1" 404 1859
WARNING 2026-03-27 13:21:33,984 basehttp "GET /static/img/unieuro.png HTTP/1.1" 404 1859
WARNING 2026-03-27 13:21:38,687 basehttp "GET /static/img/unieuro.png HTTP/1.1" 404 1859
WARNING 2026-03-27 13:21:38,829 basehttp "GET /static/img/unieuro.png HTTP/1.1" 404 1859
WARNING 2026-03-27 13:21:41,750 basehttp "GET /static/img/unieuro.png HTTP/1.1" 404 1859
WARNING 2026-03-27 13:21:41,873 basehttp "GET /static/img/unieuro.png HTTP/1.1" 404 1859
WARNING 2026-03-27 13:21:46,505 basehttp "GET /static/img/unieuro.png HTTP/1.1" 404 1859
WARNING 2026-03-27 13:21:46,626 basehttp "GET /static/img/unieuro.png HTTP/1.1" 404 1859
WARNING 2026-03-27 13:21:49,354 basehttp "GET /static/img/unieuro.png HTTP/1.1" 404 1859
WARNING 2026-03-27 13:21:49,504 basehttp "GET /static/img/unieuro.png HTTP/1.1" 404 1859
WARNING 2026-03-27 13:21:53,275 basehttp "GET /static/img/unieuro.png HTTP/1.1" 404 1859
WARNING 2026-03-27 13:21:53,411 basehttp "GET /static/img/unieuro.png HTTP/1.1" 404 1859
WARNING 2026-03-27 13:21:55,354 basehttp "GET /static/img/unieuro.png HTTP/1.1" 404 1859
WARNING 2026-03-27 13:21:55,473 basehttp "GET /static/img/unieuro.png HTTP/1.1" 404 1859
WARNING 2026-03-27 13:22:14,610 basehttp "GET /static/img/unieuro.png HTTP/1.1" 404 1859
WARNING 2026-03-27 13:22:14,747 basehttp "GET /static/img/unieuro.png HTTP/1.1" 404 1859
WARNING 2026-03-27 13:22:18,732 basehttp "GET /static/img/unieuro.png HTTP/1.1" 404 1859
WARNING 2026-03-27 13:22:22,906 basehttp "GET /static/img/unieuro.png HTTP/1.1" 404 1859
WARNING 2026-03-27 13:22:23,026 basehttp "GET /static/img/unieuro.png HTTP/1.1" 404 1859
WARNING 2026-03-27 13:22:25,032 basehttp "GET /static/img/unieuro.png HTTP/1.1" 404 1859
WARNING 2026-03-27 13:22:25,216 basehttp "GET /static/img/unieuro.png HTTP/1.1" 404 1859
WARNING 2026-03-27 13:22:46,606 basehttp "GET /static/img/unieuro.png HTTP/1.1" 404 1859
WARNING 2026-03-27 13:22:56,473 basehttp "GET /static/img/unieuro.png HTTP/1.1" 404 1859
WARNING 2026-03-27 13:22:56,658 basehttp "GET /static/img/unieuro.png HTTP/1.1" 404 1859
WARNING 2026-03-27 13:22:58,014 basehttp "GET /static/img/unieuro.png HTTP/1.1" 404 1859
WARNING 2026-03-27 13:23:01,821 basehttp "GET /static/img/unieuro.png HTTP/1.1" 404 1859
WARNING 2026-03-27 13:23:01,984 basehttp "GET /static/img/unieuro.png HTTP/1.1" 404 1859
WARNING 2026-03-27 13:23:07,446 basehttp "GET /static/img/unieuro.png HTTP/1.1" 404 1859
WARNING 2026-03-27 13:23:07,624 basehttp "GET /static/img/unieuro.png HTTP/1.1" 404 1859
WARNING 2026-03-27 13:23:12,204 basehttp "GET /static/img/unieuro.png HTTP/1.1" 404 1859
WARNING 2026-03-27 13:23:12,361 basehttp "GET /static/img/unieuro.png HTTP/1.1" 404 1859
WARNING 2026-03-27 13:23:17,293 basehttp "GET /static/img/unieuro.png HTTP/1.1" 404 1859
WARNING 2026-03-27 13:23:17,415 basehttp "GET /static/img/unieuro.png HTTP/1.1" 404 1859
WARNING 2026-03-27 13:23:20,233 basehttp "GET /static/img/unieuro.png HTTP/1.1" 404 1859
WARNING 2026-03-27 13:23:20,376 basehttp "GET /static/img/unieuro.png HTTP/1.1" 404 1859
WARNING 2026-03-27 13:23:50,352 basehttp "GET /static/img/unieuro.png HTTP/1.1" 404 1859
WARNING 2026-03-27 13:23:52,612 basehttp "GET /static/img/unieuro.png HTTP/1.1" 404 1859
WARNING 2026-03-27 13:23:52,688 basehttp "GET /static/img/unieuro.png HTTP/1.1" 404 1859
WARNING 2026-03-27 13:23:54,712 basehttp "GET /static/img/unieuro.png HTTP/1.1" 404 1859
WARNING 2026-03-27 13:23:54,785 basehttp "GET /static/img/unieuro.png HTTP/1.1" 404 1859
WARNING 2026-03-27 13:24:08,069 basehttp "GET /static/img/unieuro.png HTTP/1.1" 404 1859
WARNING 2026-03-27 13:24:08,318 basehttp "GET /static/img/unieuro.png HTTP/1.1" 404 1859
WARNING 2026-03-27 13:24:12,445 basehttp "GET /static/img/unieuro.png HTTP/1.1" 404 1859
WARNING 2026-03-27 13:24:12,691 basehttp "GET /static/img/unieuro.png HTTP/1.1" 404 1859
WARNING 2026-03-27 13:24:18,973 basehttp "GET /static/img/unieuro.png HTTP/1.1" 404 1859
WARNING 2026-03-27 13:24:19,115 basehttp "GET /static/img/unieuro.png HTTP/1.1" 404 1859
WARNING 2026-03-27 13:27:34,479 basehttp "GET /static/img/unieuro.png HTTP/1.1" 404 1859
WARNING 2026-03-27 13:27:34,582 basehttp "GET /static/img/unieuro.png HTTP/1.1" 404 1859
WARNING 2026-03-30 15:14:22,490 basehttp "GET /static/img/amil.png HTTP/1.1" 404 1850
WARNING 2026-03-30 15:14:22,490 basehttp "GET /static/img/psicologia.png HTTP/1.1" 404 1868
WARNING 2026-03-30 15:14:22,491 basehttp "GET /static/img/Cemeru.png HTTP/1.1" 404 1856
WARNING 2026-03-30 15:14:22,493 basehttp "GET /static/img/bradesco-saude.png HTTP/1.1" 404 1880
WARNING 2026-03-30 15:14:22,494 basehttp "GET /static/img/unieuro.png HTTP/1.1" 404 1859
WARNING 2026-03-30 15:14:22,495 basehttp "GET /static/img/assim-saude.png HTTP/1.1" 404 1871
WARNING 2026-03-30 15:14:22,539 basehttp "GET /static/img/golden-cross.png HTTP/1.1" 404 1874
WARNING 2026-03-30 15:14:22,540 basehttp "GET /static/img/notredame-intermedica.png HTTP/1.1" 404 1901
WARNING 2026-03-30 15:14:22,558 basehttp "GET /static/img/LEVE.png HTTP/1.1" 404 1850
WARNING 2026-03-30 15:14:22,565 basehttp "GET /static/img/Prevent-Senior.png HTTP/1.1" 404 1880
WARNING 2026-03-30 15:14:22,565 basehttp "GET /static/img/Integral-Saude.png HTTP/1.1" 404 1880
WARNING 2026-03-30 15:14:22,569 basehttp "GET /static/img/porto-saude.png HTTP/1.1" 404 1871
WARNING 2026-03-30 15:14:22,584 basehttp "GET /static/img/sulAmerica.png HTTP/1.1" 404 1868
WARNING 2026-03-30 15:14:22,589 basehttp "GET /static/img/unimed.png HTTP/1.1" 404 1856
WARNING 2026-03-30 15:22:58,168 basehttp "GET /static/img/unieuro.png HTTP/1.1" 404 1859
WARNING 2026-03-30 15:22:58,168 basehttp "GET /static/img/amil.png HTTP/1.1" 404 1850
WARNING 2026-03-30 15:22:58,169 basehttp "GET /static/img/psicologia.png HTTP/1.1" 404 1868
WARNING 2026-03-30 15:22:58,185 basehttp "GET /static/img/assim-saude.png HTTP/1.1" 404 1871
WARNING 2026-03-30 15:22:58,187 basehttp "GET /static/img/bradesco-saude.png HTTP/1.1" 404 1880
WARNING 2026-03-30 15:22:58,189 basehttp "GET /static/img/Cemeru.png HTTP/1.1" 404 1856
WARNING 2026-03-30 15:22:58,201 basehttp "GET /static/img/golden-cross.png HTTP/1.1" 404 1874
WARNING 2026-03-30 15:22:58,203 basehttp "GET /static/img/Integral-Saude.png HTTP/1.1" 404 1880
WARNING 2026-03-30 15:22:58,218 basehttp "GET /static/img/notredame-intermedica.png HTTP/1.1" 404 1901
WARNING 2026-03-30 15:22:58,220 basehttp "GET /static/img/LEVE.png HTTP/1.1" 404 1850
WARNING 2026-03-30 15:22:58,226 basehttp "GET /static/img/porto-saude.png HTTP/1.1" 404 1871
WARNING 2026-03-30 15:22:58,230 basehttp "GET /static/img/Prevent-Senior.png HTTP/1.1" 404 1880
WARNING 2026-03-30 15:22:58,239 basehttp "GET /static/img/sulAmerica.png HTTP/1.1" 404 1868
WARNING 2026-03-30 15:22:58,239 basehttp "GET /static/img/unimed.png HTTP/1.1" 404 1856
WARNING 2026-03-30 15:25:54,277 basehttp "GET /static/img/unieuro.png HTTP/1.1" 404 1859
WARNING 2026-03-30 15:25:54,288 basehttp "GET /static/img/psicologia.png HTTP/1.1" 404 1868
WARNING 2026-03-30 15:25:54,298 basehttp "GET /static/img/assim-saude.png HTTP/1.1" 404 1871
WARNING 2026-03-30 15:25:54,302 basehttp "GET /static/img/amil.png HTTP/1.1" 404 1850
WARNING 2026-03-30 15:25:54,307 basehttp "GET /static/img/bradesco-saude.png HTTP/1.1" 404 1880
WARNING 2026-03-30 15:25:54,307 basehttp "GET /static/img/Cemeru.png HTTP/1.1" 404 1856
WARNING 2026-03-30 15:25:54,320 basehttp "GET /static/img/golden-cross.png HTTP/1.1" 404 1874
WARNING 2026-03-30 15:25:54,323 basehttp "GET /static/img/Integral-Saude.png HTTP/1.1" 404 1880
WARNING 2026-03-30 15:25:54,330 basehttp "GET /static/img/LEVE.png HTTP/1.1" 404 1850
WARNING 2026-03-30 15:25:54,335 basehttp "GET /static/img/notredame-intermedica.png HTTP/1.1" 404 1901
WARNING 2026-03-30 15:25:54,337 basehttp "GET /static/img/porto-saude.png HTTP/1.1" 404 1871
WARNING 2026-03-30 15:25:54,341 basehttp "GET /static/img/Prevent-Senior.png HTTP/1.1" 404 1880
WARNING 2026-03-30 15:25:54,348 basehttp "GET /static/img/unimed.png HTTP/1.1" 404 1856
WARNING 2026-03-30 15:25:54,348 basehttp "GET /static/img/sulAmerica.png HTTP/1.1" 404 1868
WARNING 2026-03-30 15:28:47,208 basehttp "GET /static/img/amil.png HTTP/1.1" 404 1850
WARNING 2026-03-30 15:28:47,211 basehttp "GET /static/img/psicologia.png HTTP/1.1" 404 1868
WARNING 2026-03-30 15:28:47,216 basehttp "GET /static/img/unieuro.png HTTP/1.1" 404 1859
WARNING 2026-03-30 15:28:47,226 basehttp "GET /static/img/assim-saude.png HTTP/1.1" 404 1871
WARNING 2026-03-30 15:28:47,234 basehttp "GET /static/img/bradesco-saude.png HTTP/1.1" 404 1880
WARNING 2026-03-30 15:28:47,237 basehttp "GET /static/img/Cemeru.png HTTP/1.1" 404 1856
WARNING 2026-03-30 15:28:47,244 basehttp "GET /static/img/golden-cross.png HTTP/1.1" 404 1874
WARNING 2026-03-30 15:28:47,247 basehttp "GET /static/img/Integral-Saude.png HTTP/1.1" 404 1880
WARNING 2026-03-30 15:28:47,250 basehttp "GET /static/img/LEVE.png HTTP/1.1" 404 1850
WARNING 2026-03-30 15:28:47,259 basehttp "GET /static/img/notredame-intermedica.png HTTP/1.1" 404 1901
WARNING 2026-03-30 15:28:47,276 basehttp "GET /static/img/porto-saude.png HTTP/1.1" 404 1871
WARNING 2026-03-30 15:28:47,277 basehttp "GET /static/img/Prevent-Senior.png HTTP/1.1" 404 1880
WARNING 2026-03-30 15:28:47,277 basehttp "GET /static/img/sulAmerica.png HTTP/1.1" 404 1868
WARNING 2026-03-30 15:28:47,281 basehttp "GET /static/img/unimed.png HTTP/1.1" 404 1856
WARNING 2026-03-30 15:36:15,746 basehttp "GET /static/img/amil.png HTTP/1.1" 404 1850
WARNING 2026-03-30 15:36:15,747 basehttp "GET /static/img/psicologia.png HTTP/1.1" 404 1868
WARNING 2026-03-30 15:36:15,764 basehttp "GET /static/img/assim-saude.png HTTP/1.1" 404 1871
WARNING 2026-03-30 15:36:15,765 basehttp "GET /static/img/bradesco-saude.png HTTP/1.1" 404 1880
WARNING 2026-03-30 15:36:15,766 basehttp "GET /static/img/Cemeru.png HTTP/1.1" 404 1856
WARNING 2026-03-30 15:36:15,773 basehttp "GET /static/img/golden-cross.png HTTP/1.1" 404 1874
WARNING 2026-03-30 15:36:15,779 basehttp "GET /static/img/Integral-Saude.png HTTP/1.1" 404 1880
WARNING 2026-03-30 15:36:15,793 basehttp "GET /static/img/LEVE.png HTTP/1.1" 404 1850
WARNING 2026-03-30 15:36:15,796 basehttp "GET /static/img/notredame-intermedica.png HTTP/1.1" 404 1901
WARNING 2026-03-30 15:36:15,806 basehttp "GET /static/img/porto-saude.png HTTP/1.1" 404 1871
WARNING 2026-03-30 15:36:15,807 basehttp "GET /static/img/Prevent-Senior.png HTTP/1.1" 404 1880
WARNING 2026-03-30 15:36:15,814 basehttp "GET /static/img/unimed.png HTTP/1.1" 404 1856
WARNING 2026-03-30 15:36:15,814 basehttp "GET /static/img/sulAmerica.png HTTP/1.1" 404 1868
WARNING 2026-03-30 15:36:15,841 basehttp "GET /static/img/logo.png HTTP/1.1" 404 1850
WARNING 2026-03-30 15:39:21,061 basehttp "GET /static/img/psicologia.png HTTP/1.1" 404 1868
WARNING 2026-03-30 15:39:21,061 basehttp "GET /static/img/amil.png HTTP/1.1" 404 1850
WARNING 2026-03-30 15:39:21,085 basehttp "GET /static/img/assim-saude.png HTTP/1.1" 404 1871
WARNING 2026-03-30 15:39:21,089 basehttp "GET /static/img/bradesco-saude.png HTTP/1.1" 404 1880
WARNING 2026-03-30 15:39:21,089 basehttp "GET /static/img/Cemeru.png HTTP/1.1" 404 1856
WARNING 2026-03-30 15:39:21,090 basehttp "GET /static/img/golden-cross.png HTTP/1.1" 404 1874
WARNING 2026-03-30 15:39:21,098 basehttp "GET /static/img/Integral-Saude.png HTTP/1.1" 404 1880
WARNING 2026-03-30 15:39:21,098 basehttp "GET /static/img/LEVE.png HTTP/1.1" 404 1850
WARNING 2026-03-30 15:39:21,106 basehttp "GET /static/img/notredame-intermedica.png HTTP/1.1" 404 1901
WARNING 2026-03-30 15:39:21,117 basehttp "GET /static/img/porto-saude.png HTTP/1.1" 404 1871
WARNING 2026-03-30 15:39:21,122 basehttp "GET /static/img/Prevent-Senior.png HTTP/1.1" 404 1880
WARNING 2026-03-30 15:39:21,126 basehttp "GET /static/img/unimed.png HTTP/1.1" 404 1856
WARNING 2026-03-30 15:45:16,330 basehttp "GET /static/img/psicologia.png HTTP/1.1" 404 1868
WARNING 2026-03-30 15:45:16,346 basehttp "GET /static/img/golden-cross.png HTTP/1.1" 404 1874
WARNING 2026-03-30 15:45:16,346 basehttp "GET /static/img/Cemeru.png HTTP/1.1" 404 1856
WARNING 2026-03-30 15:45:16,365 basehttp "GET /static/img/porto-saude.png HTTP/1.1" 404 1871
WARNING 2026-03-30 15:45:38,441 basehttp "GET /static/img/psicologia.png HTTP/1.1" 404 1868
WARNING 2026-03-30 15:45:38,453 basehttp "GET /static/img/Cemeru.png HTTP/1.1" 404 1856
WARNING 2026-03-30 15:45:38,453 basehttp "GET /static/img/golden-cross.png HTTP/1.1" 404 1874
WARNING 2026-03-30 15:45:38,453 basehttp "GET /static/img/porto-saude.png HTTP/1.1" 404 1871
WARNING 2026-03-30 15:48:31,370 basehttp "GET /static/img/psicologia.png HTTP/1.1" 404 1868
WARNING 2026-03-30 15:48:31,377 basehttp "GET /static/img/Cemeru.png HTTP/1.1" 404 1856
WARNING 2026-03-30 15:48:31,380 basehttp "GET /static/img/porto-saude.png HTTP/1.1" 404 1871
WARNING 2026-03-30 15:50:03,528 basehttp "GET /static/img/porto-saude.png HTTP/1.1" 404 1871
WARNING 2026-03-30 15:51:27,847 basehttp "GET /static/logo.png HTTP/1.1" 404 1838
WARNING 2026-03-30 15:51:28,228 basehttp "GET /favicon.ico HTTP/1.1" 404 4389
WARNING 2026-03-30 15:56:32,807 basehttp "GET /static/logo.png HTTP/1.1" 404 1838
WARNING 2026-03-30 15:57:43,613 basehttp "GET /static/logo.png HTTP/1.1" 404 1838
WARNING 2026-03-30 15:57:59,591 basehttp "GET /static/img/porto-saude.png HTTP/1.1" 404 1871
WARNING 2026-03-30 16:00:31,350 basehttp "GET /static/logo.png HTTP/1.1" 404 1838
WARNING 2026-03-30 16:01:04,624 basehttp "GET /static/logo.png HTTP/1.1" 404 1838
